<?xml version="1.0" encoding="UTF-8"?>
<!-- Generated by org.testng.reporters.JUnitReportReporter -->
<testsuite hostname="Shazias-MacBook-Pro.local" failures="0" tests="8" name="AmazonTest.AmazonAssessment" time="60.416" errors="0" timestamp="2022-07-28T00:25:18 PKT" skipped="0">
  <testcase classname="AmazonTest.AmazonAssessment" name="naviagateMainmenu" time="4.409"/>
  <system-out/>
  <testcase classname="AmazonTest.AmazonAssessment" name="televisonsClick" time="10.003"/>
  <system-out/>
  <testcase classname="AmazonTest.AmazonAssessment" name="sortBrandSamsung" time="8.557"/>
  <system-out/>
  <testcase classname="AmazonTest.AmazonAssessment" name="sortByPriceHightoLow" time="5.957"/>
  <system-out/>
  <testcase classname="AmazonTest.AmazonAssessment" name="clickSecondHighestPrice" time="8.222"/>
  <system-out/>
  <testcase classname="AmazonTest.AmazonAssessment" name="switchingTab" time="8.097"/>
  <system-out/>
  <testcase classname="AmazonTest.AmazonAssessment" name="aboutThisItem" time="8.334"/>
  <system-out/>
  <testcase classname="AmazonTest.AmazonAssessment" name="logSectionText" time="6.837"/>
  <system-out/>
</testsuite> <!-- AmazonTest.AmazonAssessment -->
